Pinger стартовал. Интервал: 300 сек. Хост: db:5432 БД: appdb
Проверка соединения (2025-09-20T06:59:24)...
Успешное подключение. Версия PostgreSQL: PostgreSQL 17.6 (Debian 17.6-1.pgdg13+1) on aarch64-unknown-linux-gnu, compiled by gcc (Debian 14.2.0-19) 14.2.0, 64-bit
Проверка соединения (2025-09-20T07:04:25)...
Успешное подключение. Версия PostgreSQL: PostgreSQL 17.6 (Debian 17.6-1.pgdg13+1) on aarch64-unknown-linux-gnu, compiled by gcc (Debian 14.2.0-19) 14.2.0, 64-bit
Проверка соединения (2025-09-20T07:09:26)...
Успешное подключение. Версия PostgreSQL: PostgreSQL 17.6 (Debian 17.6-1.pgdg13+1) on aarch64-unknown-linux-gnu, compiled by gcc (Debian 14.2.0-19) 14.2.0, 64-bit
Проверка соединения (2025-09-20T07:14:27)...
Успешное подключение. Версия PostgreSQL: PostgreSQL 17.6 (Debian 17.6-1.pgdg13+1) on aarch64-unknown-linux-gnu, compiled by gcc (Debian 14.2.0-19) 14.2.0, 64-bit
Проверка соединения (2025-09-20T07:19:29)...
Успешное подключение. Версия PostgreSQL: PostgreSQL 17.6 (Debian 17.6-1.pgdg13+1) on aarch64-unknown-linux-gnu, compiled by gcc (Debian 14.2.0-19) 14.2.0, 64-bit
Проверка соединения (2025-09-20T07:24:30)...
Успешное подключение. Версия PostgreSQL: PostgreSQL 17.6 (Debian 17.6-1.pgdg13+1) on aarch64-unknown-linux-gnu, compiled by gcc (Debian 14.2.0-19) 14.2.0, 64-bit
Проверка соединения (2025-09-20T07:29:31)...
Успешное подключение. Версия PostgreSQL: PostgreSQL 17.6 (Debian 17.6-1.pgdg13+1) on aarch64-unknown-linux-gnu, compiled by gcc (Debian 14.2.0-19) 14.2.0, 64-bit
Проверка соединения (2025-09-20T07:34:32)...
Успешное подключение. Версия PostgreSQL: PostgreSQL 17.6 (Debian 17.6-1.pgdg13+1) on aarch64-unknown-linux-gnu, compiled by gcc (Debian 14.2.0-19) 14.2.0, 64-bit
Проверка соединения (2025-09-20T07:39:33)...
Успешное подключение. Версия PostgreSQL: PostgreSQL 17.6 (Debian 17.6-1.pgdg13+1) on aarch64-unknown-linux-gnu, compiled by gcc (Debian 14.2.0-19) 14.2.0, 64-bit
Проверка соединения (2025-09-20T07:44:34)...
Успешное подключение. Версия PostgreSQL: PostgreSQL 17.6 (Debian 17.6-1.pgdg13+1) on aarch64-unknown-linux-gnu, compiled by gcc (Debian 14.2.0-19) 14.2.0, 64-bit
Проверка соединения (2025-09-20T07:49:36)...
Успешное подключение. Версия PostgreSQL: PostgreSQL 17.6 (Debian 17.6-1.pgdg13+1) on aarch64-unknown-linux-gnu, compiled by gcc (Debian 14.2.0-19) 14.2.0, 64-bit
Проверка соединения (2025-09-20T08:27:41)...
Успешное подключение. Версия PostgreSQL: PostgreSQL 17.6 (Debian 17.6-1.pgdg13+1) on aarch64-unknown-linux-gnu, compiled by gcc (Debian 14.2.0-19) 14.2.0, 64-bit
Проверка соединения (2025-09-20T11:57:02)...
Успешное подключение. Версия PostgreSQL: PostgreSQL 17.6 (Debian 17.6-1.pgdg13+1) on aarch64-unknown-linux-gnu, compiled by gcc (Debian 14.2.0-19) 14.2.0, 64-bit
Проверка соединения (2025-09-20T20:39:47)...
Успешное подключение. Версия PostgreSQL: PostgreSQL 17.6 (Debian 17.6-1.pgdg13+1) on aarch64-unknown-linux-gnu, compiled by gcc (Debian 14.2.0-19) 14.2.0, 64-bit
Проверка соединения (2025-09-21T10:07:10)...
Успешное подключение. Версия PostgreSQL: PostgreSQL 17.6 (Debian 17.6-1.pgdg13+1) on aarch64-unknown-linux-gnu, compiled by gcc (Debian 14.2.0-19) 14.2.0, 64-bit
Проверка соединения (2025-09-21T17:11:22)...
Успешное подключение. Версия PostgreSQL: PostgreSQL 17.6 (Debian 17.6-1.pgdg13+1) on aarch64-unknown-linux-gnu, compiled by gcc (Debian 14.2.0-19) 14.2.0, 64-bit
Проверка соединения (2025-09-22T01:08:03)...
Успешное подключение. Версия PostgreSQL: PostgreSQL 17.6 (Debian 17.6-1.pgdg13+1) on aarch64-unknown-linux-gnu, compiled by gcc (Debian 14.2.0-19) 14.2.0, 64-bit
Проверка соединения (2025-09-22T11:39:15)...
Успешное подключение. Версия PostgreSQL: PostgreSQL 17.6 (Debian 17.6-1.pgdg13+1) on aarch64-unknown-linux-gnu, compiled by gcc (Debian 14.2.0-19) 14.2.0, 64-bit
Проверка соединения (2025-09-22T21:18:38)...
Успешное подключение. Версия PostgreSQL: PostgreSQL 17.6 (Debian 17.6-1.pgdg13+1) on aarch64-unknown-linux-gnu, compiled by gcc (Debian 14.2.0-19) 14.2.0, 64-bit
Проверка соединения (2025-09-23T06:20:45)...
Успешное подключение. Версия PostgreSQL: PostgreSQL 17.6 (Debian 17.6-1.pgdg13+1) on aarch64-unknown-linux-gnu, compiled by gcc (Debian 14.2.0-19) 14.2.0, 64-bit
Проверка соединения (2025-09-23T15:42:06)...
Успешное подключение. Версия PostgreSQL: PostgreSQL 17.6 (Debian 17.6-1.pgdg13+1) on aarch64-unknown-linux-gnu, compiled by gcc (Debian 14.2.0-19) 14.2.0, 64-bit
Проверка соединения (2025-09-23T23:39:15)...
Успешное подключение. Версия PostgreSQL: PostgreSQL 17.6 (Debian 17.6-1.pgdg13+1) on aarch64-unknown-linux-gnu, compiled by gcc (Debian 14.2.0-19) 14.2.0, 64-bit
Проверка соединения (2025-09-24T13:10:34)...
Успешное подключение. Версия PostgreSQL: PostgreSQL 17.6 (Debian 17.6-1.pgdg13+1) on aarch64-unknown-linux-gnu, compiled by gcc (Debian 14.2.0-19) 14.2.0, 64-bit
Проверка соединения (2025-09-24T22:06:45)...
Успешное подключение. Версия PostgreSQL: PostgreSQL 17.6 (Debian 17.6-1.pgdg13+1) on aarch64-unknown-linux-gnu, compiled by gcc (Debian 14.2.0-19) 14.2.0, 64-bit
Проверка соединения (2025-09-25T12:09:22)...
Успешное подключение. Версия PostgreSQL: PostgreSQL 17.6 (Debian 17.6-1.pgdg13+1) on aarch64-unknown-linux-gnu, compiled by gcc (Debian 14.2.0-19) 14.2.0, 64-bit
Проверка соединения (2025-09-26T04:33:45)...
Успешное подключение. Версия PostgreSQL: PostgreSQL 17.6 (Debian 17.6-1.pgdg13+1) on aarch64-unknown-linux-gnu, compiled by gcc (Debian 14.2.0-19) 14.2.0, 64-bit
Проверка соединения (2025-09-26T19:54:27)...
Успешное подключение. Версия PostgreSQL: PostgreSQL 17.6 (Debian 17.6-1.pgdg13+1) on aarch64-unknown-linux-gnu, compiled by gcc (Debian 14.2.0-19) 14.2.0, 64-bit
Проверка соединения (2025-09-27T06:47:16)...
Успешное подключение. Версия PostgreSQL: PostgreSQL 17.6 (Debian 17.6-1.pgdg13+1) on aarch64-unknown-linux-gnu, compiled by gcc (Debian 14.2.0-19) 14.2.0, 64-bit
Проверка соединения (2025-09-27T06:52:17)...
Успешное подключение. Версия PostgreSQL: PostgreSQL 17.6 (Debian 17.6-1.pgdg13+1) on aarch64-unknown-linux-gnu, compiled by gcc (Debian 14.2.0-19) 14.2.0, 64-bit
Проверка соединения (2025-09-27T06:57:18)...
Успешное подключение. Версия PostgreSQL: PostgreSQL 17.6 (Debian 17.6-1.pgdg13+1) on aarch64-unknown-linux-gnu, compiled by gcc (Debian 14.2.0-19) 14.2.0, 64-bit
Выходим аккуратно...
Завершено.
